<?xml version="1.0" encoding="UTF-8"?>
<testng-results ignored="0" total="1" passed="1" failed="0" skipped="0">
  <reporter-output>
  </reporter-output>
  <suite started-at="2021-06-10T22:12:39 IST" name="Suite" finished-at="2021-06-10T22:12:50 IST" duration-ms="10906">
    <groups>
      <group name="cucumber">
        <method signature="AbstractTestNGCucumberTests.runScenario(io.cucumber.testng.PickleWrapper, io.cucumber.testng.FeatureWrapper)[pri:0, instance:cucumberOptions.Runner@762ef0ea]" name="runScenario" class="io.cucumber.testng.AbstractTestNGCucumberTests"/>
      </group> <!-- cucumber -->
    </groups>
    <test started-at="2021-06-10T22:12:39 IST" name="Test" finished-at="2021-06-10T22:12:50 IST" duration-ms="10906">
      <class name="cucumberOptions.Runner">
        <test-method is-config="true" signature="setUpClass()[pri:0, instance:cucumberOptions.Runner@762ef0ea]" started-at="2021-06-10T22:12:39 IST" name="setUpClass" finished-at="2021-06-10T22:12:40 IST" duration-ms="645" status="PASS">
          <reporter-output>
          </reporter-output>
        </test-method> <!-- setUpClass -->
        <test-method signature="runScenario(io.cucumber.testng.PickleWrapper, io.cucumber.testng.FeatureWrapper)[pri:0, instance:cucumberOptions.Runner@762ef0ea]" started-at="2021-06-10T22:12:40 IST" name="runScenario" description="Runs Cucumber Scenarios" data-provider="scenarios" finished-at="2021-06-10T22:12:50 IST" duration-ms="10163" status="PASS">
          <params>
            <param index="0">
              <value>
                <![CDATA["Adding Customer"]]>
              </value>
            </param>
            <param index="1">
              <value>
                <![CDATA["Optional[Adding customer]"]]>
              </value>
            </param>
          </params>
          <reporter-output>
          </reporter-output>
        </test-method> <!-- runScenario -->
        <test-method is-config="true" signature="tearDownClass()[pri:0, instance:cucumberOptions.Runner@762ef0ea]" started-at="2021-06-10T22:12:50 IST" name="tearDownClass" finished-at="2021-06-10T22:12:50 IST" duration-ms="31" status="PASS">
          <reporter-output>
          </reporter-output>
        </test-method> <!-- tearDownClass -->
      </class> <!-- cucumberOptions.Runner -->
    </test> <!-- Test -->
  </suite> <!-- Suite -->
</testng-results>
