<?xml version="1.0" encoding="UTF-8"?>
<testng-results ignored="0" total="2" passed="2" failed="0" skipped="0">
  <reporter-output>
  </reporter-output>
  <suite started-at="2021-06-15T00:16:57 IST" name="Suite" finished-at="2021-06-15T00:17:51 IST" duration-ms="54334">
    <groups>
      <group name="cucumber">
        <method signature="AbstractTestNGCucumberTests.runScenario(io.cucumber.testng.PickleWrapper, io.cucumber.testng.FeatureWrapper)[pri:0, instance:cucumberOptions.Runner1@7671cb68]" name="runScenario" class="io.cucumber.testng.AbstractTestNGCucumberTests"/>
        <method signature="AbstractTestNGCucumberTests.runScenario(io.cucumber.testng.PickleWrapper, io.cucumber.testng.FeatureWrapper)[pri:0, instance:cucumberOptions.Runner2@49dc7102]" name="runScenario" class="io.cucumber.testng.AbstractTestNGCucumberTests"/>
      </group> <!-- cucumber -->
    </groups>
    <test started-at="2021-06-15T00:16:57 IST" name="Test" finished-at="2021-06-15T00:17:51 IST" duration-ms="54334">
      <class name="cucumberOptions.Runner2">
        <test-method is-config="true" signature="setUpClass()[pri:0, instance:cucumberOptions.Runner2@49dc7102]" started-at="2021-06-15T00:17:36 IST" name="setUpClass" finished-at="2021-06-15T00:17:36 IST" duration-ms="20" status="PASS">
          <reporter-output>
          </reporter-output>
        </test-method> <!-- setUpClass -->
        <test-method signature="runScenario(io.cucumber.testng.PickleWrapper, io.cucumber.testng.FeatureWrapper)[pri:0, instance:cucumberOptions.Runner2@49dc7102]" started-at="2021-06-15T00:17:36 IST" name="runScenario" description="Runs Cucumber Scenarios" data-provider="scenarios" finished-at="2021-06-15T00:17:51 IST" duration-ms="14914" status="PASS">
          <params>
            <param index="0">
              <value>
                <![CDATA["Adding Customer2"]]>
              </value>
            </param>
            <param index="1">
              <value>
                <![CDATA["Optional[Login2]"]]>
              </value>
            </param>
          </params>
          <reporter-output>
          </reporter-output>
        </test-method> <!-- runScenario -->
        <test-method is-config="true" signature="tearDownClass()[pri:0, instance:cucumberOptions.Runner2@49dc7102]" started-at="2021-06-15T00:17:51 IST" name="tearDownClass" finished-at="2021-06-15T00:17:51 IST" duration-ms="77" status="PASS">
          <reporter-output>
          </reporter-output>
        </test-method> <!-- tearDownClass -->
      </class> <!-- cucumberOptions.Runner2 -->
      <class name="cucumberOptions.Runner1">
        <test-method is-config="true" signature="setUpClass()[pri:0, instance:cucumberOptions.Runner1@7671cb68]" started-at="2021-06-15T00:16:57 IST" name="setUpClass" finished-at="2021-06-15T00:16:58 IST" duration-ms="1407" status="PASS">
          <reporter-output>
          </reporter-output>
        </test-method> <!-- setUpClass -->
        <test-method signature="runScenario(io.cucumber.testng.PickleWrapper, io.cucumber.testng.FeatureWrapper)[pri:0, instance:cucumberOptions.Runner1@7671cb68]" started-at="2021-06-15T00:16:58 IST" name="runScenario" description="Runs Cucumber Scenarios" data-provider="scenarios" finished-at="2021-06-15T00:17:35 IST" duration-ms="36563" status="PASS">
          <params>
            <param index="0">
              <value>
                <![CDATA["Adding Customer1"]]>
              </value>
            </param>
            <param index="1">
              <value>
                <![CDATA["Optional[Login1]"]]>
              </value>
            </param>
          </params>
          <reporter-output>
          </reporter-output>
        </test-method> <!-- runScenario -->
        <test-method is-config="true" signature="tearDownClass()[pri:0, instance:cucumberOptions.Runner1@7671cb68]" started-at="2021-06-15T00:17:35 IST" name="tearDownClass" finished-at="2021-06-15T00:17:36 IST" duration-ms="1222" status="PASS">
          <reporter-output>
          </reporter-output>
        </test-method> <!-- tearDownClass -->
      </class> <!-- cucumberOptions.Runner1 -->
    </test> <!-- Test -->
  </suite> <!-- Suite -->
</testng-results>
